
ASSIST/I Version 2.03, Copyright 1984, BDM Software.                             


                                                                                                                            PAGE 1
  LOC  OBJECT CODE    ADDR1 ADDR2   STMT    SOURCE STATEMENT

                                      1 ***********************************
                                      2 *                                 *
                                      3 * THIS PROGRAM IS THE FIRST EXAM- *
                                      4 * PLE IN THE OVERBEEK/SINGLETARY  *
                                      5 * BOOK.                           *
                                      6 *                                 *
                                      7 ***********************************
000000                                8 ADD2     CSECT
000000 5810 F010            00010     9          L     1,16(,15)
000004 582F 0014            00014    10          L     2,20(15)
000008 1A12                          11          AR    1,2
00000A 501F 0018            00018    12          ST    1,24(15)
00000E 07FE                          13          BCR   B'1111',14
000010 00000004                      14          DC    F'4'
000014 00000006                      15          DC    F'6'
000018                               16          DS    F
                                     17          END   ADD2

***   0 STATEMENTS FLAGGED - 0 WARNINGS, 0 ERRORS

*** PROGRAM EXECUTION BEGINNING -
ANY OUTPUT BEFORE EXECUTION COMPLETE MESSAGE IS PRODUCED BY USER PROGRAM ***


*** EXECUTION COMPLETED ***
